[03-May-2021 09:11:48 UTC] PHP Parse error:  syntax error, unexpected ':', expecting ')' in C:\Users\Admin\Local Sites\my-first-theme\app\public\wp-content\themes\mytheme\functions.php on line 6
[03-May-2021 09:12:53 UTC] PHP Parse error:  syntax error, unexpected '}' in C:\Users\Admin\Local Sites\my-first-theme\app\public\wp-content\themes\mytheme\functions.php on line 7
[03-May-2021 09:17:29 UTC] PHP Parse error:  syntax error, unexpected 'wp_enqueue_style' (T_STRING) in C:\Users\Admin\Local Sites\my-first-theme\app\public\wp-content\themes\mytheme\functions.php on line 4
[03-May-2021 09:18:16 UTC] PHP Parse error:  syntax error, unexpected 'wp_enqueue_style' (T_STRING) in C:\Users\Admin\Local Sites\my-first-theme\app\public\wp-content\themes\mytheme\functions.php on line 4
[03-May-2021 09:18:17 UTC] PHP Parse error:  syntax error, unexpected 'wp_enqueue_style' (T_STRING) in C:\Users\Admin\Local Sites\my-first-theme\app\public\wp-content\themes\mytheme\functions.php on line 4
[03-May-2021 09:18:17 UTC] PHP Parse error:  syntax error, unexpected 'wp_enqueue_style' (T_STRING) in C:\Users\Admin\Local Sites\my-first-theme\app\public\wp-content\themes\mytheme\functions.php on line 4
[03-May-2021 09:18:52 UTC] PHP Parse error:  syntax error, unexpected 'wp_enqueue_style' (T_STRING) in C:\Users\Admin\Local Sites\my-first-theme\app\public\wp-content\themes\mytheme\functions.php on line 4
[03-May-2021 09:18:54 UTC] PHP Parse error:  syntax error, unexpected 'wp_enqueue_style' (T_STRING) in C:\Users\Admin\Local Sites\my-first-theme\app\public\wp-content\themes\mytheme\functions.php on line 4
[03-May-2021 09:18:54 UTC] PHP Parse error:  syntax error, unexpected 'wp_enqueue_style' (T_STRING) in C:\Users\Admin\Local Sites\my-first-theme\app\public\wp-content\themes\mytheme\functions.php on line 4
[03-May-2021 09:18:55 UTC] PHP Parse error:  syntax error, unexpected 'wp_enqueue_style' (T_STRING) in C:\Users\Admin\Local Sites\my-first-theme\app\public\wp-content\themes\mytheme\functions.php on line 4
[03-May-2021 09:19:12 UTC] PHP Parse error:  syntax error, unexpected 'wp_enqueue_style' (T_STRING) in C:\Users\Admin\Local Sites\my-first-theme\app\public\wp-content\themes\mytheme\functions.php on line 4
[03-May-2021 09:19:12 UTC] PHP Parse error:  syntax error, unexpected 'wp_enqueue_style' (T_STRING) in C:\Users\Admin\Local Sites\my-first-theme\app\public\wp-content\themes\mytheme\functions.php on line 4
[03-May-2021 09:26:27 UTC] PHP Parse error:  syntax error, unexpected ':', expecting ')' in C:\Users\Admin\Local Sites\my-first-theme\app\public\wp-content\themes\mytheme\functions.php on line 10
[03-May-2021 09:56:45 UTC] PHP Parse error:  syntax error, unexpected 'https' (T_STRING), expecting ')' in C:\Users\Admin\Local Sites\my-first-theme\app\public\wp-content\themes\mytheme\functions.php on line 10
[03-May-2021 10:27:59 UTC] PHP Parse error:  syntax error, unexpected 'function' (T_FUNCTION) in C:\Users\Admin\Local Sites\my-first-theme\app\public\wp-content\themes\mytheme\functions.php on line 4
[04-May-2021 05:27:44 UTC] PHP Parse error:  syntax error, unexpected '}' in C:\Users\Admin\Local Sites\my-first-theme\app\public\wp-content\themes\mytheme\front-page.php on line 9
[04-May-2021 05:59:25 UTC] PHP Parse error:  syntax error, unexpected '$logo' (T_VARIABLE) in C:\Users\Admin\Local Sites\my-first-theme\app\public\wp-content\themes\mytheme\header.php on line 57
[04-May-2021 05:59:59 UTC] PHP Parse error:  syntax error, unexpected '$logo' (T_VARIABLE) in C:\Users\Admin\Local Sites\my-first-theme\app\public\wp-content\themes\mytheme\header.php on line 57
[04-May-2021 06:01:17 UTC] PHP Parse error:  syntax error, unexpected '$logo' (T_VARIABLE) in C:\Users\Admin\Local Sites\my-first-theme\app\public\wp-content\themes\mytheme\header.php on line 57
[04-May-2021 06:01:50 UTC] PHP Parse error:  syntax error, unexpected '$logo' (T_VARIABLE) in C:\Users\Admin\Local Sites\my-first-theme\app\public\wp-content\themes\mytheme\header.php on line 57
[04-May-2021 06:41:53 UTC] PHP Parse error:  syntax error, unexpected '}', expecting ',' or ';' in C:\Users\Admin\Local Sites\my-first-theme\app\public\wp-content\themes\mytheme\header.php on line 60
[04-May-2021 09:17:27 UTC] PHP Fatal error:  Uncaught Error: Call to undefined function get_updates() in C:\Users\Admin\Local Sites\my-first-theme\app\public\wp-content\themes\mytheme\front-page.php:3
Stack trace:
#0 C:\Users\Admin\Local Sites\my-first-theme\app\public\wp-includes\template-loader.php(78): include()
#1 C:\Users\Admin\Local Sites\my-first-theme\app\public\wp-blog-header.php(19): require_once('C:\\Users\\Admin\\...')
#2 C:\Users\Admin\Local Sites\my-first-theme\app\public\index.php(17): require('C:\\Users\\Admin\\...')
#3 {main}
  thrown in C:\Users\Admin\Local Sites\my-first-theme\app\public\wp-content\themes\mytheme\front-page.php on line 3
[04-May-2021 09:25:51 UTC] PHP Fatal error:  Uncaught Error: Call to undefined function get_banner() in C:\Users\Admin\Local Sites\my-first-theme\app\public\wp-content\themes\mytheme\front-page.php:3
Stack trace:
#0 C:\Users\Admin\Local Sites\my-first-theme\app\public\wp-includes\template-loader.php(78): include()
#1 C:\Users\Admin\Local Sites\my-first-theme\app\public\wp-blog-header.php(19): require_once('C:\\Users\\Admin\\...')
#2 C:\Users\Admin\Local Sites\my-first-theme\app\public\index.php(17): require('C:\\Users\\Admin\\...')
#3 {main}
  thrown in C:\Users\Admin\Local Sites\my-first-theme\app\public\wp-content\themes\mytheme\front-page.php on line 3
[04-May-2021 09:30:47 UTC] PHP Parse error:  syntax error, unexpected '<', expecting end of file in C:\Users\Admin\Local Sites\my-first-theme\app\public\wp-content\themes\mytheme\single.php on line 5
[14-May-2021 09:32:56 UTC] PHP Parse error:  syntax error, unexpected end of file in C:\Users\Admin\Local Sites\my-first-theme\app\public\wp-content\themes\mytheme\template-parts\benifits.php on line 41
[14-May-2021 09:33:52 UTC] PHP Parse error:  syntax error, unexpected end of file in C:\Users\Admin\Local Sites\my-first-theme\app\public\wp-content\themes\mytheme\template-parts\benifits.php on line 54
[14-May-2021 09:34:09 UTC] PHP Parse error:  syntax error, unexpected end of file in C:\Users\Admin\Local Sites\my-first-theme\app\public\wp-content\themes\mytheme\template-parts\benifits.php on line 52
